# JRE version: OpenJDK Runtime Environment AdoptOpenJDK (14.0.2+12) (build 14.0.2+12)
# Java VM: OpenJDK 64-Bit Server VM AdoptOpenJDK (14.0.2+12, mixed mode, sharing, tiered, compressed oops, g1 gc, windows-amd64)
Heap:
 garbage-first heap   total 262144K, used 140072K [0x0000000701400000, 0x0000000800000000)
  region size 1024K, 138 young (141312K), 4 survivors (4096K)
 Metaspace       used 7190K, capacity 10007K, committed 10112K, reserved 1058816K
  class space    used 344K, capacity 639K, committed 640K, reserved 1048576K
GC Heap History (8 events):
Event: 1.579 GC heap before
{Heap before GC invocations=0 (full 0):
 garbage-first heap   total 262144K, used 20480K [0x0000000701400000, 0x0000000800000000)
  region size 1024K, 21 young (21504K), 0 survivors (0K)
 Metaspace       used 7095K, capacity 9935K, committed 10112K, reserved 1058816K
  class space    used 344K, capacity 639K, committed 640K, reserved 1048576K
}
Event: 1.581 GC heap after
{Heap after GC invocations=1 (full 0):
 garbage-first heap   total 262144K, used 2041K [0x0000000701400000, 0x0000000800000000)
  region size 1024K, 2 young (2048K), 2 survivors (2048K)
 Metaspace       used 7095K, capacity 9935K, committed 10112K, reserved 1058816K
  class space    used 344K, capacity 639K, committed 640K, reserved 1048576K
}
Event: 3.260 GC heap before
{Heap before GC invocations=1 (full 0):
 garbage-first heap   total 262144K, used 31737K [0x0000000701400000, 0x0000000800000000)
  region size 1024K, 31 young (31744K), 2 survivors (2048K)
 Metaspace       used 7171K, capacity 10006K, committed 10112K, reserved 1058816K
  class space    used 344K, capacity 639K, committed 640K, reserved 1048576K
}
Event: 3.262 GC heap after
{Heap after GC invocations=2 (full 0):
 garbage-first heap   total 262144K, used 2393K [0x0000000701400000, 0x0000000800000000)
  region size 1024K, 3 young (3072K), 3 survivors (3072K)
 Metaspace       used 7171K, capacity 10006K, committed 10112K, reserved 1058816K
  class space    used 344K, capacity 639K, committed 640K, reserved 1048576K
}
Event: 11.381 GC heap before
{Heap before GC invocations=2 (full 0):
 garbage-first heap   total 262144K, used 155993K [0x0000000701400000, 0x0000000800000000)
  region size 1024K, 153 young (156672K), 3 survivors (3072K)
 Metaspace       used 7174K, capacity 10006K, committed 10112K, reserved 1058816K
  class space    used 344K, capacity 639K, committed 640K, reserved 1048576K
}
Event: 11.386 GC heap after
{Heap after GC invocations=3 (full 0):
 garbage-first heap   total 262144K, used 3607K [0x0000000701400000, 0x0000000800000000)
  region size 1024K, 4 young (4096K), 4 survivors (4096K)
 Metaspace       used 7174K, capacity 10006K, committed 10112K, reserved 1058816K
  class space    used 344K, capacity 639K, committed 640K, reserved 1048576K
}
Event: 19.162 GC heap before
{Heap before GC invocations=3 (full 0):
 garbage-first heap   total 262144K, used 156183K [0x0000000701400000, 0x0000000800000000)
  region size 1024K, 153 young (156672K), 4 survivors (4096K)
 Metaspace       used 7174K, capacity 10006K, committed 10112K, reserved 1058816K
  class space    used 344K, capacity 639K, committed 640K, reserved 1048576K
}
Event: 19.168 GC heap after
{Heap after GC invocations=4 (full 0):
 garbage-first heap   total 262144K, used 3880K [0x0000000701400000, 0x0000000800000000)
  region size 1024K, 4 young (4096K), 4 survivors (4096K)
 Metaspace       used 7174K, capacity 10006K, committed 10112K, reserved 1058816K
  class space    used 344K, capacity 639K, committed 640K, reserved 1048576K
}

