# JRE version: OpenJDK Runtime Environment AdoptOpenJDK (14.0.2+12) (build 14.0.2+12)
# Java VM: OpenJDK 64-Bit Server VM AdoptOpenJDK (14.0.2+12, mixed mode, sharing, tiered, compressed oops, g1 gc, windows-amd64)
Heap:
 garbage-first heap   total 262144K, used 130520K [0x0000000701400000, 0x0000000800000000)
  region size 1024K, 129 young (132096K), 6 survivors (6144K)
 Metaspace       used 7258K, capacity 9981K, committed 10112K, reserved 1058816K
  class space    used 334K, capacity 630K, committed 640K, reserved 1048576K
GC Heap History (6 events):
Event: 4.144 GC heap before
{Heap before GC invocations=0 (full 0):
 garbage-first heap   total 262144K, used 20480K [0x0000000701400000, 0x0000000800000000)
  region size 1024K, 21 young (21504K), 0 survivors (0K)
 Metaspace       used 7045K, capacity 9914K, committed 10112K, reserved 1058816K
  class space    used 334K, capacity 630K, committed 640K, reserved 1048576K
}
Event: 4.149 GC heap after
{Heap after GC invocations=1 (full 0):
 garbage-first heap   total 262144K, used 1983K [0x0000000701400000, 0x0000000800000000)
  region size 1024K, 2 young (2048K), 2 survivors (2048K)
 Metaspace       used 7045K, capacity 9914K, committed 10112K, reserved 1058816K
  class space    used 334K, capacity 630K, committed 640K, reserved 1048576K
}
Event: 167.263 GC heap before
{Heap before GC invocations=1 (full 0):
 garbage-first heap   total 262144K, used 31679K [0x0000000701400000, 0x0000000800000000)
  region size 1024K, 31 young (31744K), 2 survivors (2048K)
 Metaspace       used 7251K, capacity 9981K, committed 10112K, reserved 1058816K
  class space    used 334K, capacity 630K, committed 640K, reserved 1048576K
}
Event: 167.266 GC heap after
{Heap after GC invocations=2 (full 0):
 garbage-first heap   total 262144K, used 2826K [0x0000000701400000, 0x0000000800000000)
  region size 1024K, 3 young (3072K), 3 survivors (3072K)
 Metaspace       used 7251K, capacity 9981K, committed 10112K, reserved 1058816K
  class space    used 334K, capacity 630K, committed 640K, reserved 1048576K
}
Event: 186.875 GC heap before
{Heap before GC invocations=2 (full 0):
 garbage-first heap   total 262144K, used 156426K [0x0000000701400000, 0x0000000800000000)
  region size 1024K, 153 young (156672K), 3 survivors (3072K)
 Metaspace       used 7258K, capacity 9981K, committed 10112K, reserved 1058816K
  class space    used 334K, capacity 630K, committed 640K, reserved 1048576K
}
Event: 186.885 GC heap after
{Heap after GC invocations=3 (full 0):
 garbage-first heap   total 262144K, used 5592K [0x0000000701400000, 0x0000000800000000)
  region size 1024K, 6 young (6144K), 6 survivors (6144K)
 Metaspace       used 7258K, capacity 9981K, committed 10112K, reserved 1058816K
  class space    used 334K, capacity 630K, committed 640K, reserved 1048576K
}

